0 info it worked if it ends with ok
1 verbose cli [ 'C:\\Program Files\\nodejs\\node.exe',
1 verbose cli   'C:\\Program Files\\nodejs\\node_modules\\npm\\bin\\npm-cli.js',
1 verbose cli   'run-script',
1 verbose cli   'test' ]
2 info using npm@3.10.10
3 info using node@v7.3.0
4 verbose run-script [ 'pretest', 'test', 'posttest' ]
5 info lifecycle dotize@0.2.0~pretest: dotize@0.2.0
6 silly lifecycle dotize@0.2.0~pretest: no script for pretest, continuing
7 info lifecycle dotize@0.2.0~test: dotize@0.2.0
8 verbose lifecycle dotize@0.2.0~test: unsafe-perm in lifecycle true
9 verbose lifecycle dotize@0.2.0~test: PATH: C:\Program Files\nodejs\node_modules\npm\bin\node-gyp-bin;D:\Projects\dotize\node_modules\.bin;C:\ProgramData\Oracle\Java\javapath;C:\Program Files\Common Files\Microsoft Shared\Windows Live;C:\Program Files (x86)\Common Files\Microsoft Shared\Windows Live;C:\Program Files (x86)\AMD APP\bin\x86_64;C:\Program Files (x86)\AMD APP\bin\x86;C:\WINDOWS\system32;C:\WINDOWS;C:\WINDOWS\System32\Wbem;C:\WINDOWS\System32\WindowsPowerShell\v1.0\;C:\Program Files (x86)\ATI Technologies\ATI.ACE\Core-Static;C:\Program Files\Sony\VAIO Improvement\;C:\Program Files (x86)\Sony\VAIO Startup Setting Tool;C:\Program Files (x86)\Windows Live\Shared;c:\Program Files (x86)\Microsoft SQL Server\100\Tools\Binn\;c:\Program Files\Microsoft SQL Server\100\Tools\Binn\;c:\Program Files\Microsoft SQL Server\100\DTS\Binn\;c:\Program Files (x86)\Microsoft ASP.NET\ASP.NET Web Pages\v1.0\;c:\Program Files (x86)\Microsoft SQL Server\100\Tools\Binn\VSShell\Common7\IDE\;c:\Program Files (x86)\Microsoft SQL Server\100\DTS\Binn\;C:\Program Files (x86)\Heroku\bin;C:\Program Files (x86)\ruby-1.9.2\bin;C:\Program Files (x86)\git\bin;C:\Program Files (x86)\git\cmd;C:\Python27;C:\Program Files\Microsoft SQL Server\110\Tools\Binn\;C:\Program Files\Microsoft\Web Platform Installer\;C:\Program Files\Microsoft SQL Server\120\Tools\Binn\;C:\Program Files\OpenVPN\bin;C:\Program Files (x86)\AMD\ATI.ACE\Core-Static;C:\ProgramData\chocolatey\bin;C:\WINDOWS\system32;C:\WINDOWS;C:\WINDOWS\System32\Wbem;C:\WINDOWS\System32\WindowsPowerShell\v1.0\;C:\Program Files (x86)\Skype\Phone\;C:\Program Files\nodejs\;C:\Program Files\dotnet\;C:\Program Files\Microsoft SQL Server\130\Tools\Binn\;C:\WINDOWS\System32\OpenSSH\;C:\Program Files\Git\cmd;D:\mongodb-win32-x86_64-2008plus-2.4.8\bin;D:\mongodb\bin;C:\Windows\Microsoft.NET\Framework64\v4.0.30319;C:\bin\apache-maven-3.2.1\bin;C:\Chocolatey\lib\gradle.1.11\tools\gradle-1.11\bin\;C:\ProgramData\chocolatey\lib\gradle\tools\gradle-2.2.1\bin\;C:\bin\apache-maven-3.3.3\bin;;C:\Users\versus\AppData\Local\Microsoft\WindowsApps;C:\Users\versus\AppData\Roaming\npm;C:\Program Files\Microsoft VS Code\bin;C:\ProgramData\chocolatey\lib\mingw\tools\install\mingw64\bin;
10 verbose lifecycle dotize@0.2.0~test: CWD: D:\Projects\dotize
11 silly lifecycle dotize@0.2.0~test: Args: [ '/d /s /c', 'mocha test/test.js' ]
12 silly lifecycle dotize@0.2.0~test: Returned: code: 5  signal: null
13 info lifecycle dotize@0.2.0~test: Failed to exec test script
14 verbose stack Error: dotize@0.2.0 test: `mocha test/test.js`
14 verbose stack Exit status 5
14 verbose stack     at EventEmitter.<anonymous> (C:\Program Files\nodejs\node_modules\npm\lib\utils\lifecycle.js:255:16)
14 verbose stack     at emitTwo (events.js:106:13)
14 verbose stack     at EventEmitter.emit (events.js:191:7)
14 verbose stack     at ChildProcess.<anonymous> (C:\Program Files\nodejs\node_modules\npm\lib\utils\spawn.js:40:14)
14 verbose stack     at emitTwo (events.js:106:13)
14 verbose stack     at ChildProcess.emit (events.js:191:7)
14 verbose stack     at maybeClose (internal/child_process.js:885:16)
14 verbose stack     at Process.ChildProcess._handle.onexit (internal/child_process.js:226:5)
15 verbose pkgid dotize@0.2.0
16 verbose cwd D:\Projects\dotize
17 error Windows_NT 10.0.17134
18 error argv "C:\\Program Files\\nodejs\\node.exe" "C:\\Program Files\\nodejs\\node_modules\\npm\\bin\\npm-cli.js" "run-script" "test"
19 error node v7.3.0
20 error npm  v3.10.10
21 error code ELIFECYCLE
22 error dotize@0.2.0 test: `mocha test/test.js`
22 error Exit status 5
23 error Failed at the dotize@0.2.0 test script 'mocha test/test.js'.
23 error Make sure you have the latest version of node.js and npm installed.
23 error If you do, this is most likely a problem with the dotize package,
23 error not with npm itself.
23 error Tell the author that this fails on your system:
23 error     mocha test/test.js
23 error You can get information on how to open an issue for this project with:
23 error     npm bugs dotize
23 error Or if that isn't available, you can get their info via:
23 error     npm owner ls dotize
23 error There is likely additional logging output above.
24 verbose exit [ 1, true ]
